1723379235.676348 client started (9051): version 3.4, socket /data/data/com.termux/files/usr/var/run/tmux-10325/default, protocol 8
1723379235.676462 on Linux 5.10.43 #1 SMP PREEMPT Wed Jun 26 15:24:24 CST 2024
1723379235.676488 using libevent 2.1.12-stable poll
1723379235.676500 using ncurses 6.4 20231001
1723379235.676568 flags are 0x10010000
1723379235.676601 socket is /data/data/com.termux/files/usr/var/run/tmux-10325/default
1723379235.676678 trying connect
1723379235.677187 add peer 0xb400007efce71400: 6 (0x0)
1723379235.679281 sending message 100 to peer 0xb400007efce71400 (4 bytes)
1723379235.679375 sending message 111 to peer 0xb400007efce71400 (8 bytes)
1723379235.679397 sending message 101 to peer 0xb400007efce71400 (16 bytes)
1723379235.679416 sending message 109 to peer 0xb400007efce71400 (4 bytes)
1723379235.679434 sending message 102 to peer 0xb400007efce71400 (11 bytes)
1723379235.679452 sending message 108 to peer 0xb400007efce71400 (44 bytes)
1723379235.679469 sending message 112 to peer 0xb400007efce71400 (70 bytes)
1723379235.679485 sending message 112 to peer 0xb400007efce71400 (5 bytes)
1723379235.679498 sending message 112 to peer 0xb400007efce71400 (5 bytes)
1723379235.679507 sending message 112 to peer 0xb400007efce71400 (6 bytes)
1723379235.679514 sending message 112 to peer 0xb400007efce71400 (6 bytes)
1723379235.679522 sending message 112 to peer 0xb400007efce71400 (11 bytes)
1723379235.679530 sending message 112 to peer 0xb400007efce71400 (10 bytes)
1723379235.679536 sending message 112 to peer 0xb400007efce71400 (13 bytes)
1723379235.679544 sending message 112 to peer 0xb400007efce71400 (13 bytes)
1723379235.679550 sending message 112 to peer 0xb400007efce71400 (18 bytes)
1723379235.679558 sending message 112 to peer 0xb400007efce71400 (11 bytes)
1723379235.679565 sending message 112 to peer 0xb400007efce71400 (21 bytes)
1723379235.679572 sending message 112 to peer 0xb400007efce71400 (13 bytes)
1723379235.679579 sending message 112 to peer 0xb400007efce71400 (7 bytes)
1723379235.679586 sending message 112 to peer 0xb400007efce71400 (13 bytes)
1723379235.679594 sending message 112 to peer 0xb400007efce71400 (7 bytes)
1723379235.679601 sending message 112 to peer 0xb400007efce71400 (13 bytes)
1723379235.679608 sending message 112 to peer 0xb400007efce71400 (9 bytes)
1723379235.679615 sending message 112 to peer 0xb400007efce71400 (21 bytes)
1723379235.679623 sending message 112 to peer 0xb400007efce71400 (13 bytes)
1723379235.679630 sending message 112 to peer 0xb400007efce71400 (8 bytes)
1723379235.679637 sending message 112 to peer 0xb400007efce71400 (12 bytes)
1723379235.679644 sending message 112 to peer 0xb400007efce71400 (13 bytes)
1723379235.679651 sending message 112 to peer 0xb400007efce71400 (9 bytes)
1723379235.679658 sending message 112 to peer 0xb400007efce71400 (9 bytes)
1723379235.679665 sending message 112 to peer 0xb400007efce71400 (12 bytes)
1723379235.679672 sending message 112 to peer 0xb400007efce71400 (8 bytes)
1723379235.679680 sending message 112 to peer 0xb400007efce71400 (7 bytes)
1723379235.679686 sending message 112 to peer 0xb400007efce71400 (7 bytes)
1723379235.679694 sending message 112 to peer 0xb400007efce71400 (9 bytes)
1723379235.679701 sending message 112 to peer 0xb400007efce71400 (13 bytes)
1723379235.679708 sending message 112 to peer 0xb400007efce71400 (9 bytes)
1723379235.679714 sending message 112 to peer 0xb400007efce71400 (15 bytes)
1723379235.679722 sending message 112 to peer 0xb400007efce71400 (13 bytes)
1723379235.679729 sending message 112 to peer 0xb400007efce71400 (12 bytes)
1723379235.679736 sending message 112 to peer 0xb400007efce71400 (8 bytes)
1723379235.679744 sending message 112 to peer 0xb400007efce71400 (14 bytes)
1723379235.679751 sending message 112 to peer 0xb400007efce71400 (9 bytes)
1723379235.679758 sending message 112 to peer 0xb400007efce71400 (10 bytes)
1723379235.679764 sending message 112 to peer 0xb400007efce71400 (10 bytes)
1723379235.679772 sending message 112 to peer 0xb400007efce71400 (10 bytes)
1723379235.679779 sending message 112 to peer 0xb400007efce71400 (10 bytes)
1723379235.679805 sending message 112 to peer 0xb400007efce71400 (11 bytes)
1723379235.679812 sending message 112 to peer 0xb400007efce71400 (10 bytes)
1723379235.679820 sending message 112 to peer 0xb400007efce71400 (8 bytes)
1723379235.679828 sending message 112 to peer 0xb400007efce71400 (11 bytes)
1723379235.679835 sending message 112 to peer 0xb400007efce71400 (11 bytes)
1723379235.679843 sending message 112 to peer 0xb400007efce71400 (11 bytes)
1723379235.679850 sending message 112 to peer 0xb400007efce71400 (8 bytes)
1723379235.679857 sending message 112 to peer 0xb400007efce71400 (8 bytes)
1723379235.679864 sending message 112 to peer 0xb400007efce71400 (8 bytes)
1723379235.679871 sending message 112 to peer 0xb400007efce71400 (10 bytes)
1723379235.679878 sending message 112 to peer 0xb400007efce71400 (10 bytes)
1723379235.679885 sending message 112 to peer 0xb400007efce71400 (10 bytes)
1723379235.679893 sending message 112 to peer 0xb400007efce71400 (10 bytes)
1723379235.679899 sending message 112 to peer 0xb400007efce71400 (10 bytes)
1723379235.679906 sending message 112 to peer 0xb400007efce71400 (11 bytes)
1723379235.679924 sending message 112 to peer 0xb400007efce71400 (11 bytes)
1723379235.679932 sending message 112 to peer 0xb400007efce71400 (10 bytes)
1723379235.679940 sending message 112 to peer 0xb400007efce71400 (9 bytes)
1723379235.679947 sending message 112 to peer 0xb400007efce71400 (9 bytes)
1723379235.679955 sending message 112 to peer 0xb400007efce71400 (12 bytes)
1723379235.679962 sending message 112 to peer 0xb400007efce71400 (9 bytes)
1723379235.679969 sending message 112 to peer 0xb400007efce71400 (6 bytes)
1723379235.679976 sending message 112 to peer 0xb400007efce71400 (13 bytes)
1723379235.679984 sending message 112 to peer 0xb400007efce71400 (8 bytes)
1723379235.679992 sending message 112 to peer 0xb400007efce71400 (15 bytes)
1723379235.679999 sending message 112 to peer 0xb400007efce71400 (13 bytes)
1723379235.680006 sending message 112 to peer 0xb400007efce71400 (70 bytes)
1723379235.680013 sending message 112 to peer 0xb400007efce71400 (69 bytes)
1723379235.680021 sending message 112 to peer 0xb400007efce71400 (10 bytes)
1723379235.680028 sending message 112 to peer 0xb400007efce71400 (8 bytes)
1723379235.680035 sending message 112 to peer 0xb400007efce71400 (15 bytes)
1723379235.680043 sending message 112 to peer 0xb400007efce71400 (13 bytes)
1723379235.680050 sending message 112 to peer 0xb400007efce71400 (10 bytes)
1723379235.680057 sending message 112 to peer 0xb400007efce71400 (10 bytes)
1723379235.680064 sending message 112 to peer 0xb400007efce71400 (5 bytes)
1723379235.680072 sending message 112 to peer 0xb400007efce71400 (15 bytes)
1723379235.680084 sending message 104 to peer 0xb400007efce71400 (0 bytes)
1723379235.680093 sending message 110 to peer 0xb400007efce71400 (0 bytes)
1723379235.680101 sending message 107 to peer 0xb400007efce71400 (4 bytes)
1723379235.680109 sending message 105 to peer 0xb400007efce71400 (47 bytes)
1723379235.680117 sending message 105 to peer 0xb400007efce71400 (152 bytes)
1723379235.680125 sending message 105 to peer 0xb400007efce71400 (18 bytes)
1723379235.680133 sending message 105 to peer 0xb400007efce71400 (20 bytes)
1723379235.680140 sending message 105 to peer 0xb400007efce71400 (65 bytes)
1723379235.680147 sending message 105 to peer 0xb400007efce71400 (23 bytes)
1723379235.680155 sending message 105 to peer 0xb400007efce71400 (22 bytes)
1723379235.680162 sending message 105 to peer 0xb400007efce71400 (25 bytes)
1723379235.680169 sending message 105 to peer 0xb400007efce71400 (72 bytes)
1723379235.680176 sending message 105 to peer 0xb400007efce71400 (39 bytes)
1723379235.680184 sending message 105 to peer 0xb400007efce71400 (57 bytes)
1723379235.680191 sending message 105 to peer 0xb400007efce71400 (21 bytes)
1723379235.680198 sending message 105 to peer 0xb400007efce71400 (29 bytes)
1723379235.680206 sending message 105 to peer 0xb400007efce71400 (34 bytes)
1723379235.680213 sending message 105 to peer 0xb400007efce71400 (48 bytes)
1723379235.680231 sending message 105 to peer 0xb400007efce71400 (23 bytes)
1723379235.680240 sending message 105 to peer 0xb400007efce71400 (25 bytes)
1723379235.680248 sending message 105 to peer 0xb400007efce71400 (65 bytes)
1723379235.680256 sending message 105 to peer 0xb400007efce71400 (38 bytes)
1723379235.680264 sending message 105 to peer 0xb400007efce71400 (17 bytes)
1723379235.680272 sending message 105 to peer 0xb400007efce71400 (52 bytes)
1723379235.680280 sending message 105 to peer 0xb400007efce71400 (25 bytes)
1723379235.680288 sending message 105 to peer 0xb400007efce71400 (27 bytes)
1723379235.680296 sending message 105 to peer 0xb400007efce71400 (17 bytes)
1723379235.680304 sending message 105 to peer 0xb400007efce71400 (1957 bytes)
1723379235.680312 sending message 105 to peer 0xb400007efce71400 (43 bytes)
1723379235.680320 sending message 105 to peer 0xb400007efce71400 (55 bytes)
1723379235.680327 sending message 105 to peer 0xb400007efce71400 (19 bytes)
1723379235.680334 sending message 105 to peer 0xb400007efce71400 (21 bytes)
1723379235.680341 sending message 105 to peer 0xb400007efce71400 (13 bytes)
1723379235.680348 sending message 105 to peer 0xb400007efce71400 (41 bytes)
1723379235.680355 sending message 105 to peer 0xb400007efce71400 (13 bytes)
1723379235.680362 sending message 105 to peer 0xb400007efce71400 (8 bytes)
1723379235.680376 sending message 105 to peer 0xb400007efce71400 (21 bytes)
1723379235.680388 sending message 105 to peer 0xb400007efce71400 (2717 bytes)
1723379235.680406 sending message 105 to peer 0xb400007efce71400 (45 bytes)
1723379235.680417 sending message 105 to peer 0xb400007efce71400 (21 bytes)
1723379235.680427 sending message 105 to peer 0xb400007efce71400 (80 bytes)
1723379235.680436 sending message 105 to peer 0xb400007efce71400 (41 bytes)
1723379235.680446 sending message 105 to peer 0xb400007efce71400 (125 bytes)
1723379235.680455 sending message 105 to peer 0xb400007efce71400 (39 bytes)
1723379235.680464 sending message 105 to peer 0xb400007efce71400 (46 bytes)
1723379235.680474 sending message 105 to peer 0xb400007efce71400 (18 bytes)
1723379235.680482 sending message 105 to peer 0xb400007efce71400 (43 bytes)
1723379235.680489 sending message 106 to peer 0xb400007efce71400 (0 bytes)
1723379235.681002 sending message 200 to peer 0xb400007efce71400 (4 bytes)
1723379235.681034 client loop enter
1723379235.683002 peer 0xb400007efce71400 message 303
1723379235.683081 open write file 2 -
1723379235.683126 sending message 305 to peer 0xb400007efce71400 (8 bytes)
1723379235.683165 write check file 2
1723379235.683587 peer 0xb400007efce71400 message 304
1723379235.683618 write 58 to file 2
1723379235.683658 peer 0xb400007efce71400 message 203
1723379235.683674 file 2 58 bytes left
1723379235.683748 write check file 2
1723379235.683767 client loop exit
